<?xml version="1.0" encoding="UTF-8"?>
<!-- Generated by org.testng.reporters.JUnitReportReporter -->
<testsuite skipped="2" hostname="LAPTOP-7NC8C0E5" name="com.tests.AmazonTest" tests="7" failures="0" timestamp="23 Apr 2020 10:21:12 GMT" time="287.638" errors="0">
  <testcase name="test1" time="160.533" classname="com.tests.AmazonTest"/>
  <testcase name="test1" time="28.809" classname="com.tests.AmazonTest"/>
  <testcase name="test1" time="32.080" classname="com.tests.AmazonTest"/>
  <testcase name="test1" time="37.700" classname="com.tests.AmazonTest"/>
  <testcase name="test1" time="28.516" classname="com.tests.AmazonTest"/>
  <testcase name="test2" classname="com.tests.AmazonTest">
    <skipped/>
  </testcase> <!-- test2 -->
  <testcase name="test3" classname="com.tests.AmazonTest">
    <skipped/>
  </testcase> <!-- test3 -->
</testsuite> <!-- com.tests.AmazonTest -->
